z:\downloads\mt_framework_2015_cv.2.4.10\mt_framework_2015_cv.2.4.10\mt_framework_2015_cv.2.4.10\x64\release\vc120.pdb
z:\downloads\mt_framework_2015_cv.2.4.10\mt_framework_2015_cv.2.4.10\mt_framework_2015_cv.2.4.10\x64\release\main.obj
z:\downloads\mt_framework_2015_cv.2.4.10\mt_framework_2015_cv.2.4.10\mt_framework_2015_cv.2.4.10\x64\release\tuiotime.obj
z:\downloads\mt_framework_2015_cv.2.4.10\mt_framework_2015_cv.2.4.10\mt_framework_2015_cv.2.4.10\x64\release\tuioserver.obj
z:\downloads\mt_framework_2015_cv.2.4.10\mt_framework_2015_cv.2.4.10\mt_framework_2015_cv.2.4.10\x64\release\osctypes.obj
z:\downloads\mt_framework_2015_cv.2.4.10\mt_framework_2015_cv.2.4.10\mt_framework_2015_cv.2.4.10\x64\release\oscoutboundpacketstream.obj
z:\downloads\mt_framework_2015_cv.2.4.10\mt_framework_2015_cv.2.4.10\mt_framework_2015_cv.2.4.10\x64\release\udpsocket.obj
z:\downloads\mt_framework_2015_cv.2.4.10\mt_framework_2015_cv.2.4.10\mt_framework_2015_cv.2.4.10\x64\release\networkingutils.obj
z:\desktop-win\praktikum multitouch\mt_framework_2015_cv.2.4.10\mt_framework_2015_cv.2.4.10\x64\release\vc120.pdb
z:\desktop-win\praktikum multitouch\mt_framework_2015_cv.2.4.10\mt_framework_2015_cv.2.4.10\x64\release\main.obj
z:\desktop-win\praktikum multitouch\mt_framework_2015_cv.2.4.10\mt_framework_2015_cv.2.4.10\x64\release\tuiotime.obj
z:\desktop-win\praktikum multitouch\mt_framework_2015_cv.2.4.10\mt_framework_2015_cv.2.4.10\x64\release\tuioserver.obj
z:\desktop-win\praktikum multitouch\mt_framework_2015_cv.2.4.10\mt_framework_2015_cv.2.4.10\x64\release\osctypes.obj
z:\desktop-win\praktikum multitouch\mt_framework_2015_cv.2.4.10\mt_framework_2015_cv.2.4.10\x64\release\oscoutboundpacketstream.obj
z:\desktop-win\praktikum multitouch\mt_framework_2015_cv.2.4.10\mt_framework_2015_cv.2.4.10\x64\release\udpsocket.obj
z:\desktop-win\praktikum multitouch\mt_framework_2015_cv.2.4.10\mt_framework_2015_cv.2.4.10\x64\release\networkingutils.obj
d:\mt_framework_2015_cv.2.4.10\mt_framework_2015_cv.2.4.10\x64\release\vc120.pdb
d:\mt_framework_2015_cv.2.4.10\mt_framework_2015_cv.2.4.10\x64\release\main.obj
d:\mt_framework_2015_cv.2.4.10\mt_framework_2015_cv.2.4.10\x64\release\tuiotime.obj
d:\mt_framework_2015_cv.2.4.10\mt_framework_2015_cv.2.4.10\x64\release\tuioserver.obj
d:\mt_framework_2015_cv.2.4.10\mt_framework_2015_cv.2.4.10\x64\release\osctypes.obj
d:\mt_framework_2015_cv.2.4.10\mt_framework_2015_cv.2.4.10\x64\release\oscoutboundpacketstream.obj
d:\mt_framework_2015_cv.2.4.10\mt_framework_2015_cv.2.4.10\x64\release\udpsocket.obj
d:\mt_framework_2015_cv.2.4.10\mt_framework_2015_cv.2.4.10\x64\release\networkingutils.obj
z:\downloads\mt_framework_2015_cv.2.4.10\mt_framework_2015_cv.2.4.10\x64\release\mt_framework_2015_cv.2.4.10.exe
z:\downloads\mt_framework_2015_cv.2.4.10\mt_framework_2015_cv.2.4.10\x64\release\mt_framework_2015_cv.2.4.10.pdb
z:\desktop-win\praktikum multitouch\mt_framework_2015_cv.2.4.10\x64\release\mt_framework_2015_cv.2.4.10.exe
z:\desktop-win\praktikum multitouch\mt_framework_2015_cv.2.4.10\x64\release\mt_framework_2015_cv.2.4.10.pdb
d:\mt_framework_2015_cv.2.4.10\x64\release\mt_framework_2015_cv.2.4.10.exe
d:\mt_framework_2015_cv.2.4.10\x64\release\mt_framework_2015_cv.2.4.10.pdb
d:\mt_framework_2015_cv.2.4.10\mt_framework_2015_cv.2.4.10\x64\release\mt_frame.2ee7537f.tlog\cl.command.1.tlog
d:\mt_framework_2015_cv.2.4.10\mt_framework_2015_cv.2.4.10\x64\release\mt_frame.2ee7537f.tlog\cl.read.1.tlog
d:\mt_framework_2015_cv.2.4.10\mt_framework_2015_cv.2.4.10\x64\release\mt_frame.2ee7537f.tlog\cl.write.1.tlog
d:\mt_framework_2015_cv.2.4.10\mt_framework_2015_cv.2.4.10\x64\release\mt_frame.2ee7537f.tlog\link.command.1.tlog
d:\mt_framework_2015_cv.2.4.10\mt_framework_2015_cv.2.4.10\x64\release\mt_frame.2ee7537f.tlog\link.read.1.tlog
d:\mt_framework_2015_cv.2.4.10\mt_framework_2015_cv.2.4.10\x64\release\mt_frame.2ee7537f.tlog\link.write.1.tlog
